e:\code_monkey\c++\gui\gui\x64\debug\vc143.pdb
e:\code_monkey\c++\gui\gui\x64\debug\vc143.idb
e:\code_monkey\c++\gui\gui\x64\debug\textinputdialog.obj
e:\code_monkey\c++\gui\gui\x64\debug\shape.obj
e:\code_monkey\c++\gui\gui\x64\debug\drawboard.obj
e:\code_monkey\c++\gui\gui\x64\debug\cmain.obj
e:\code_monkey\c++\gui\gui\x64\debug\capp.obj
e:\code_monkey\c++\gui\gui\x64\debug\jsoncpp.obj
e:\code_monkey\c++\gui\x64\debug\gui.exe
e:\code_monkey\c++\gui\x64\debug\gui.pdb
e:\code_monkey\c++\gui\gui\x64\debug\gui.res
e:\code_monkey\c++\gui\gui\x64\debug\gui.ilk
e:\code_monkey\c++\gui\gui\x64\debug\gui.tlog\cl.command.1.tlog
e:\code_monkey\c++\gui\gui\x64\debug\gui.tlog\cl.items.tlog
e:\code_monkey\c++\gui\gui\x64\debug\gui.tlog\cl.read.1.tlog
e:\code_monkey\c++\gui\gui\x64\debug\gui.tlog\cl.write.1.tlog
e:\code_monkey\c++\gui\gui\x64\debug\gui.tlog\link.command.1.tlog
e:\code_monkey\c++\gui\gui\x64\debug\gui.tlog\link.read.1.tlog
e:\code_monkey\c++\gui\gui\x64\debug\gui.tlog\link.secondary.1.tlog
e:\code_monkey\c++\gui\gui\x64\debug\gui.tlog\link.write.1.tlog
e:\code_monkey\c++\gui\gui\x64\debug\gui.tlog\rc.command.1.tlog
e:\code_monkey\c++\gui\gui\x64\debug\gui.tlog\rc.read.1.tlog
e:\code_monkey\c++\gui\gui\x64\debug\gui.tlog\rc.write.1.tlog
